-------------------------------------------------------------------------------
Test set: com.tqi.pagseguroprodutos.PagseguroProdutosApplicationTests
-------------------------------------------------------------------------------
Tests run: 1, Failures: 0, Errors: 1, Skipped: 0, Time elapsed: 3.088 s <<< FAILURE! - in com.tqi.pagseguroprodutos.PagseguroProdutosApplicationTests
contextLoads  Time elapsed: 0.003 s  <<< ERROR!
java.lang.IllegalStateException: Failed to load ApplicationContext
Caused by: org.springframework.beans.factory.BeanCreationException: Error creating bean with name 'requestMappingHandlerAdapter' defined in class path resource [org/springframework/boot/autoconfigure/web/servlet/WebMvcAutoConfiguration$EnableWebMvcConfiguration.class]: Bean instantiation via factory method failed; nested exception is org.springframework.beans.BeanInstantiationException: Failed to instantiate [org.springframework.web.servlet.mvc.method.annotation.RequestMappingHandlerAdapter]: Factory method 'requestMappingHandlerAdapter' threw exception; nested exception is org.springframework.beans.factory.BeanCreationException: Error creating bean with name 'querydslPredicateArgumentResolver' defined in class path resource [org/springframework/data/web/config/QuerydslWebConfiguration.class]: Bean instantiation via factory method failed; nested exception is org.springframework.beans.BeanInstantiationException: Failed to instantiate [org.springframework.data.web.querydsl.QuerydslPredicateArgumentResolver]: Factory method 'querydslPredicateArgumentResolver' threw exception; nested exception is org.springframework.beans.factory.BeanCreationException: Error creating bean with name 'querydslBindingsFactory' defined in class path resource [org/springframework/data/web/config/QuerydslWebConfiguration.class]: Initialization of bean failed; nested exception is org.springframework.beans.BeanInstantiationException: Failed to instantiate [org.springframework.data.jpa.repository.support.QuerydslJpaPredicateExecutor]: Constructor threw exception; nested exception is java.lang.IllegalArgumentException: Did not find a query class com.tqi.pagseguroprodutos.repository.QProduct for domain class com.tqi.pagseguroprodutos.repository.Product!
Caused by: org.springframework.beans.BeanInstantiationException: Failed to instantiate [org.springframework.web.servlet.mvc.method.annotation.RequestMappingHandlerAdapter]: Factory method 'requestMappingHandlerAdapter' threw exception; nested exception is org.springframework.beans.factory.BeanCreationException: Error creating bean with name 'querydslPredicateArgumentResolver' defined in class path resource [org/springframework/data/web/config/QuerydslWebConfiguration.class]: Bean instantiation via factory method failed; nested exception is org.springframework.beans.BeanInstantiationException: Failed to instantiate [org.springframework.data.web.querydsl.QuerydslPredicateArgumentResolver]: Factory method 'querydslPredicateArgumentResolver' threw exception; nested exception is org.springframework.beans.factory.BeanCreationException: Error creating bean with name 'querydslBindingsFactory' defined in class path resource [org/springframework/data/web/config/QuerydslWebConfiguration.class]: Initialization of bean failed; nested exception is org.springframework.beans.BeanInstantiationException: Failed to instantiate [org.springframework.data.jpa.repository.support.QuerydslJpaPredicateExecutor]: Constructor threw exception; nested exception is java.lang.IllegalArgumentException: Did not find a query class com.tqi.pagseguroprodutos.repository.QProduct for domain class com.tqi.pagseguroprodutos.repository.Product!
Caused by: org.springframework.beans.factory.BeanCreationException: Error creating bean with name 'querydslPredicateArgumentResolver' defined in class path resource [org/springframework/data/web/config/QuerydslWebConfiguration.class]: Bean instantiation via factory method failed; nested exception is org.springframework.beans.BeanInstantiationException: Failed to instantiate [org.springframework.data.web.querydsl.QuerydslPredicateArgumentResolver]: Factory method 'querydslPredicateArgumentResolver' threw exception; nested exception is org.springframework.beans.factory.BeanCreationException: Error creating bean with name 'querydslBindingsFactory' defined in class path resource [org/springframework/data/web/config/QuerydslWebConfiguration.class]: Initialization of bean failed; nested exception is org.springframework.beans.BeanInstantiationException: Failed to instantiate [org.springframework.data.jpa.repository.support.QuerydslJpaPredicateExecutor]: Constructor threw exception; nested exception is java.lang.IllegalArgumentException: Did not find a query class com.tqi.pagseguroprodutos.repository.QProduct for domain class com.tqi.pagseguroprodutos.repository.Product!
Caused by: org.springframework.beans.BeanInstantiationException: Failed to instantiate [org.springframework.data.web.querydsl.QuerydslPredicateArgumentResolver]: Factory method 'querydslPredicateArgumentResolver' threw exception; nested exception is org.springframework.beans.factory.BeanCreationException: Error creating bean with name 'querydslBindingsFactory' defined in class path resource [org/springframework/data/web/config/QuerydslWebConfiguration.class]: Initialization of bean failed; nested exception is org.springframework.beans.BeanInstantiationException: Failed to instantiate [org.springframework.data.jpa.repository.support.QuerydslJpaPredicateExecutor]: Constructor threw exception; nested exception is java.lang.IllegalArgumentException: Did not find a query class com.tqi.pagseguroprodutos.repository.QProduct for domain class com.tqi.pagseguroprodutos.repository.Product!
Caused by: org.springframework.beans.factory.BeanCreationException: Error creating bean with name 'querydslBindingsFactory' defined in class path resource [org/springframework/data/web/config/QuerydslWebConfiguration.class]: Initialization of bean failed; nested exception is org.springframework.beans.BeanInstantiationException: Failed to instantiate [org.springframework.data.jpa.repository.support.QuerydslJpaPredicateExecutor]: Constructor threw exception; nested exception is java.lang.IllegalArgumentException: Did not find a query class com.tqi.pagseguroprodutos.repository.QProduct for domain class com.tqi.pagseguroprodutos.repository.Product!
Caused by: org.springframework.beans.BeanInstantiationException: Failed to instantiate [org.springframework.data.jpa.repository.support.QuerydslJpaPredicateExecutor]: Constructor threw exception; nested exception is java.lang.IllegalArgumentException: Did not find a query class com.tqi.pagseguroprodutos.repository.QProduct for domain class com.tqi.pagseguroprodutos.repository.Product!
Caused by: java.lang.IllegalArgumentException: Did not find a query class com.tqi.pagseguroprodutos.repository.QProduct for domain class com.tqi.pagseguroprodutos.repository.Product!
Caused by: java.lang.ClassNotFoundException: com.tqi.pagseguroprodutos.repository.QProduct

