-------------------------------------------------------------------------------
Test set: com.tqi.pagseguroprodutos.PagseguroProdutosApplicationTests
-------------------------------------------------------------------------------
Tests run: 1, Failures: 0, Errors: 1, Skipped: 0, Time elapsed: 2.572 s <<< FAILURE! - in com.tqi.pagseguroprodutos.PagseguroProdutosApplicationTests
contextLoads  Time elapsed: 0.006 s  <<< ERROR!
java.lang.IllegalStateException: Failed to load ApplicationContext
Caused by: org.springframework.beans.factory.UnsatisfiedDependencyException: Error creating bean with name 'productController' defined in file [/home/usertqi/Documents/repositories/produtos-tqi/target/classes/com/tqi/pagseguroprodutos/application/controller/ProductController.class]: Unsatisfied dependency expressed through constructor parameter 0; nested exception is org.springframework.beans.factory.NoSuchBeanDefinitionException: No qualifying bean of type 'com.tqi.pagseguroprodutos.service.ProductService' available: expected at least 1 bean which qualifies as autowire candidate. Dependency annotations: {}
Caused by: org.springframework.beans.factory.NoSuchBeanDefinitionException: No qualifying bean of type 'com.tqi.pagseguroprodutos.service.ProductService' available: expected at least 1 bean which qualifies as autowire candidate. Dependency annotations: {}

